<?xml version="1.0" encoding="UTF-8"?>
<!-- Generated by org.testng.reporters.JUnitXMLReporter -->
<testsuite ignored="0" hostname="TAKO" failures="1" tests="23" name="Command line test" time="0.156" errors="0" timestamp="2025-05-09T00:24:24 EEST">
  <testcase classname="com.demo.seleniumTestNG.ProductsTest" name="@BeforeMethod setup" time="0.005">
    <failure type="org.openqa.selenium.remote.NoSuchDriverException" message="Unable to obtain: chromedriver, error chromedriver must exist: chromedriver.exe
For documentation on this error, please visit: https://www.selenium.dev/documentation/webdriver/troubleshooting/errors/driver_location/
Build info: version: &amp;apos;4.31.0&amp;apos;, revision: &amp;apos;4ae8fc9f8a&amp;apos;
System info: os.name: &amp;apos;Windows 11&amp;apos;, os.arch: &amp;apos;amd64&amp;apos;, os.version: &amp;apos;10.0&amp;apos;, java.version: &amp;apos;24&amp;apos;
Driver info: driver.version: ChromeDriver">
      <![CDATA[org.openqa.selenium.remote.NoSuchDriverException: Unable to obtain: chromedriver, error chromedriver must exist: chromedriver.exe
For documentation on this error, please visit: https://www.selenium.dev/documentation/webdriver/troubleshooting/errors/driver_location/
Build info: version: '4.31.0', revision: '4ae8fc9f8a'
System info: os.name: 'Windows 11', os.arch: 'amd64', os.version: '10.0', java.version: '24'
Driver info: driver.version: ChromeDriver
at org.openqa.selenium.remote.service.DriverFinder.getBinaryPaths(DriverFinder.java:121)
at org.openqa.selenium.remote.service.DriverFinder.getDriverPath(DriverFinder.java:55)
at org.openqa.selenium.chrome.ChromeDriver.generateExecutor(ChromeDriver.java:99)
at org.openqa.selenium.chrome.ChromeDriver.<init>(ChromeDriver.java:88)
at org.openqa.selenium.chrome.ChromeDriver.<init>(ChromeDriver.java:83)
at org.openqa.selenium.chrome.ChromeDriver.<init>(ChromeDriver.java:72)
at com.demo.seleniumTestNG.ProductsTest.setup(com.demo.seleniumTestNG.ProductsTest.java:37)
at java.base/java.util.ArrayList.forEach(ArrayList.java:1604)
at Main.main(Main.java:24)
Caused by: java.lang.IllegalStateException: chromedriver must exist: chromedriver.exe
at org.openqa.selenium.internal.Require$PathStateChecker.isExecutable(Require.java:475)
at org.openqa.selenium.remote.service.DriverFinder.getBinaryPaths(DriverFinder.java:118)
... 34 more
... Removed 26 stack frames]]>
    </failure>
  </testcase> <!-- @BeforeMethod setup -->
  <testcase classname="com.demo.seleniumTestNG.ProductsTest" name="@AfterMethod teardown" time="0.0">
    <skipped/>
  </testcase> <!-- @AfterMethod teardown -->
  <testcase classname="com.demo.seleniumTestNG.ProductsTest" name="@BeforeMethod setup" time="0.0">
    <skipped/>
  </testcase> <!-- @BeforeMethod setup -->
  <testcase classname="com.demo.seleniumTestNG.ProductsTest" name="@AfterMethod teardown" time="0.0">
    <skipped/>
  </testcase> <!-- @AfterMethod teardown -->
  <testcase classname="com.demo.seleniumTestNG.ProductsTest" name="@BeforeMethod setup" time="0.0">
    <skipped/>
  </testcase> <!-- @BeforeMethod setup -->
  <testcase classname="com.demo.seleniumTestNG.ProductsTest" name="@AfterMethod teardown" time="0.0">
    <skipped/>
  </testcase> <!-- @AfterMethod teardown -->
  <testcase classname="com.demo.seleniumTestNG.ProductsTest" name="@BeforeMethod setup" time="0.0">
    <skipped/>
  </testcase> <!-- @BeforeMethod setup -->
  <testcase classname="com.demo.seleniumTestNG.ProductsTest" name="@AfterMethod teardown" time="0.0">
    <skipped/>
  </testcase> <!-- @AfterMethod teardown -->
  <testcase classname="com.demo.seleniumTestNG.ProductsTest" name="@BeforeMethod setup" time="0.0">
    <skipped/>
  </testcase> <!-- @BeforeMethod setup -->
  <testcase classname="com.demo.seleniumTestNG.ProductsTest" name="@AfterMethod teardown" time="0.0">
    <skipped/>
  </testcase> <!-- @AfterMethod teardown -->
  <testcase classname="com.demo.seleniumTestNG.CartTest" name="@BeforeMethod setup" time="0.001">
    <failure type="org.openqa.selenium.remote.NoSuchDriverException" message="Unable to obtain: chromedriver, error chromedriver must exist: chromedriver.exe
For documentation on this error, please visit: https://www.selenium.dev/documentation/webdriver/troubleshooting/errors/driver_location/
Build info: version: &amp;apos;4.31.0&amp;apos;, revision: &amp;apos;4ae8fc9f8a&amp;apos;
System info: os.name: &amp;apos;Windows 11&amp;apos;, os.arch: &amp;apos;amd64&amp;apos;, os.version: &amp;apos;10.0&amp;apos;, java.version: &amp;apos;24&amp;apos;
Driver info: driver.version: ChromeDriver">
      <![CDATA[org.openqa.selenium.remote.NoSuchDriverException: Unable to obtain: chromedriver, error chromedriver must exist: chromedriver.exe
For documentation on this error, please visit: https://www.selenium.dev/documentation/webdriver/troubleshooting/errors/driver_location/
Build info: version: '4.31.0', revision: '4ae8fc9f8a'
System info: os.name: 'Windows 11', os.arch: 'amd64', os.version: '10.0', java.version: '24'
Driver info: driver.version: ChromeDriver
at org.openqa.selenium.remote.service.DriverFinder.getBinaryPaths(DriverFinder.java:121)
at org.openqa.selenium.remote.service.DriverFinder.getDriverPath(DriverFinder.java:55)
at org.openqa.selenium.chrome.ChromeDriver.generateExecutor(ChromeDriver.java:99)
at org.openqa.selenium.chrome.ChromeDriver.<init>(ChromeDriver.java:88)
at org.openqa.selenium.chrome.ChromeDriver.<init>(ChromeDriver.java:83)
at org.openqa.selenium.chrome.ChromeDriver.<init>(ChromeDriver.java:51)
at com.demo.seleniumTestNG.CartTest.setup(com.demo.seleniumTestNG.CartTest.java:19)
at java.base/java.util.ArrayList.forEach(ArrayList.java:1604)
at Main.main(Main.java:24)
Caused by: java.lang.IllegalStateException: chromedriver must exist: chromedriver.exe
at org.openqa.selenium.internal.Require$PathStateChecker.isExecutable(Require.java:475)
at org.openqa.selenium.remote.service.DriverFinder.getBinaryPaths(DriverFinder.java:118)
... 34 more
... Removed 26 stack frames]]>
    </failure>
  </testcase> <!-- @BeforeMethod setup -->
  <testcase classname="com.demo.seleniumTestNG.CartTest" name="@AfterMethod close" time="0.0">
    <skipped/>
  </testcase> <!-- @AfterMethod close -->
  <testcase classname="com.demo.seleniumTestNG.CartTest" name="@BeforeMethod setup" time="0.0">
    <skipped/>
  </testcase> <!-- @BeforeMethod setup -->
  <testcase classname="com.demo.seleniumTestNG.CartTest" name="@AfterMethod close" time="0.0">
    <skipped/>
  </testcase> <!-- @AfterMethod close -->
  <testcase classname="com.demo.seleniumTestNG.CartTest" name="@BeforeMethod setup" time="0.0">
    <skipped/>
  </testcase> <!-- @BeforeMethod setup -->
  <testcase classname="com.demo.seleniumTestNG.CartTest" name="@AfterMethod close" time="0.0">
    <skipped/>
  </testcase> <!-- @AfterMethod close -->
  <testcase classname="com.demo.seleniumTestNG.CartTest" name="@BeforeMethod setup" time="0.0">
    <skipped/>
  </testcase> <!-- @BeforeMethod setup -->
  <testcase classname="com.demo.seleniumTestNG.CartTest" name="@AfterMethod close" time="0.0">
    <skipped/>
  </testcase> <!-- @AfterMethod close -->
  <testcase classname="com.demo.seleniumTestNG.CartTest" name="@BeforeMethod setup" time="0.0">
    <skipped/>
  </testcase> <!-- @BeforeMethod setup -->
  <testcase classname="com.demo.seleniumTestNG.CartTest" name="@AfterMethod close" time="0.0">
    <skipped/>
  </testcase> <!-- @AfterMethod close -->
  <testcase classname="com.demo.seleniumTestNG.CartTest" name="@BeforeMethod setup" time="0.0">
    <skipped/>
  </testcase> <!-- @BeforeMethod setup -->
  <testcase classname="com.demo.seleniumTestNG.CartTest" name="@AfterMethod close" time="0.0">
    <skipped/>
  </testcase> <!-- @AfterMethod close -->
  <testcase classname="com.demo.seleniumTestNG.CartTest" name="@BeforeMethod setup" time="0.0">
    <skipped/>
  </testcase> <!-- @BeforeMethod setup -->
  <testcase classname="com.demo.seleniumTestNG.CartTest" name="@AfterMethod close" time="0.0">
    <skipped/>
  </testcase> <!-- @AfterMethod close -->
  <testcase classname="com.demo.seleniumTestNG.CartTest" name="@BeforeMethod setup" time="0.0">
    <skipped/>
  </testcase> <!-- @BeforeMethod setup -->
  <testcase classname="com.demo.seleniumTestNG.CartTest" name="@AfterMethod close" time="0.0">
    <skipped/>
  </testcase> <!-- @AfterMethod close -->
  <testcase classname="com.demo.seleniumTestNG.CartTest" name="@BeforeMethod setup" time="0.0">
    <skipped/>
  </testcase> <!-- @BeforeMethod setup -->
  <testcase classname="com.demo.seleniumTestNG.CartTest" name="@AfterMethod close" time="0.0">
    <skipped/>
  </testcase> <!-- @AfterMethod close -->
  <testcase classname="com.demo.seleniumTestNG.CheckoutTest" name="@BeforeMethod setup" time="0.001">
    <failure type="org.openqa.selenium.remote.NoSuchDriverException" message="Unable to obtain: chromedriver, error chromedriver must exist: chromedriver.exe
For documentation on this error, please visit: https://www.selenium.dev/documentation/webdriver/troubleshooting/errors/driver_location/
Build info: version: &amp;apos;4.31.0&amp;apos;, revision: &amp;apos;4ae8fc9f8a&amp;apos;
System info: os.name: &amp;apos;Windows 11&amp;apos;, os.arch: &amp;apos;amd64&amp;apos;, os.version: &amp;apos;10.0&amp;apos;, java.version: &amp;apos;24&amp;apos;
Driver info: driver.version: ChromeDriver">
      <![CDATA[org.openqa.selenium.remote.NoSuchDriverException: Unable to obtain: chromedriver, error chromedriver must exist: chromedriver.exe
For documentation on this error, please visit: https://www.selenium.dev/documentation/webdriver/troubleshooting/errors/driver_location/
Build info: version: '4.31.0', revision: '4ae8fc9f8a'
System info: os.name: 'Windows 11', os.arch: 'amd64', os.version: '10.0', java.version: '24'
Driver info: driver.version: ChromeDriver
at org.openqa.selenium.remote.service.DriverFinder.getBinaryPaths(DriverFinder.java:121)
at org.openqa.selenium.remote.service.DriverFinder.getDriverPath(DriverFinder.java:55)
at org.openqa.selenium.chrome.ChromeDriver.generateExecutor(ChromeDriver.java:99)
at org.openqa.selenium.chrome.ChromeDriver.<init>(ChromeDriver.java:88)
at org.openqa.selenium.chrome.ChromeDriver.<init>(ChromeDriver.java:83)
at org.openqa.selenium.chrome.ChromeDriver.<init>(ChromeDriver.java:51)
at com.demo.seleniumTestNG.CheckoutTest.setup(com.demo.seleniumTestNG.CheckoutTest.java:17)
at java.base/java.util.ArrayList.forEach(ArrayList.java:1604)
at Main.main(Main.java:24)
Caused by: java.lang.IllegalStateException: chromedriver must exist: chromedriver.exe
at org.openqa.selenium.internal.Require$PathStateChecker.isExecutable(Require.java:475)
at org.openqa.selenium.remote.service.DriverFinder.getBinaryPaths(DriverFinder.java:118)
... 34 more
... Removed 26 stack frames]]>
    </failure>
  </testcase> <!-- @BeforeMethod setup -->
  <testcase classname="com.demo.seleniumTestNG.CheckoutTest" name="@AfterMethod tearDown" time="0.0">
    <skipped/>
  </testcase> <!-- @AfterMethod tearDown -->
  <testcase classname="com.demo.seleniumTestNG.CheckoutTest" name="@BeforeMethod setup" time="0.0">
    <skipped/>
  </testcase> <!-- @BeforeMethod setup -->
  <testcase classname="com.demo.seleniumTestNG.CheckoutTest" name="@AfterMethod tearDown" time="0.0">
    <skipped/>
  </testcase> <!-- @AfterMethod tearDown -->
  <testcase classname="com.demo.seleniumTestNG.CheckoutTest" name="@BeforeMethod setup" time="0.0">
    <skipped/>
  </testcase> <!-- @BeforeMethod setup -->
  <testcase classname="com.demo.seleniumTestNG.CheckoutTest" name="@AfterMethod tearDown" time="0.0">
    <skipped/>
  </testcase> <!-- @AfterMethod tearDown -->
  <testcase classname="com.demo.seleniumTestNG.CheckoutTest" name="@BeforeMethod setup" time="0.0">
    <skipped/>
  </testcase> <!-- @BeforeMethod setup -->
  <testcase classname="com.demo.seleniumTestNG.CheckoutTest" name="@AfterMethod tearDown" time="0.0">
    <skipped/>
  </testcase> <!-- @AfterMethod tearDown -->
  <testcase classname="com.demo.seleniumTestNG.CheckoutTest" name="@BeforeMethod setup" time="0.0">
    <skipped/>
  </testcase> <!-- @BeforeMethod setup -->
  <testcase classname="com.demo.seleniumTestNG.CheckoutTest" name="@AfterMethod tearDown" time="0.0">
    <skipped/>
  </testcase> <!-- @AfterMethod tearDown -->
  <testcase classname="com.demo.seleniumTestNG.CheckoutTest" name="@BeforeMethod setup" time="0.0">
    <skipped/>
  </testcase> <!-- @BeforeMethod setup -->
  <testcase classname="com.demo.seleniumTestNG.CheckoutTest" name="@AfterMethod tearDown" time="0.0">
    <skipped/>
  </testcase> <!-- @AfterMethod tearDown -->
  <testcase classname="com.demo.seleniumTestNG.CheckoutTest" name="@BeforeMethod setup" time="0.0">
    <skipped/>
  </testcase> <!-- @BeforeMethod setup -->
  <testcase classname="com.demo.seleniumTestNG.CheckoutTest" name="@AfterMethod tearDown" time="0.0">
    <skipped/>
  </testcase> <!-- @AfterMethod tearDown -->
  <testcase classname="com.demo.seleniumTestNG.CheckoutTest" name="@BeforeMethod setup" time="0.0">
    <skipped/>
  </testcase> <!-- @BeforeMethod setup -->
  <testcase classname="com.demo.seleniumTestNG.CheckoutTest" name="@AfterMethod tearDown" time="0.0">
    <skipped/>
  </testcase> <!-- @AfterMethod tearDown -->
  <testcase classname="com.demo.seleniumTestNG.LoginTest" name="validLogin" time="0.061">
    <failure type="org.openqa.selenium.remote.NoSuchDriverException" message="Unable to obtain: chromedriver, error chromedriver must exist: chromedriver.exe
For documentation on this error, please visit: https://www.selenium.dev/documentation/webdriver/troubleshooting/errors/driver_location/
Build info: version: &amp;apos;4.31.0&amp;apos;, revision: &amp;apos;4ae8fc9f8a&amp;apos;
System info: os.name: &amp;apos;Windows 11&amp;apos;, os.arch: &amp;apos;amd64&amp;apos;, os.version: &amp;apos;10.0&amp;apos;, java.version: &amp;apos;24&amp;apos;
Driver info: driver.version: ChromeDriver">
      <![CDATA[org.openqa.selenium.remote.NoSuchDriverException: Unable to obtain: chromedriver, error chromedriver must exist: chromedriver.exe
For documentation on this error, please visit: https://www.selenium.dev/documentation/webdriver/troubleshooting/errors/driver_location/
Build info: version: '4.31.0', revision: '4ae8fc9f8a'
System info: os.name: 'Windows 11', os.arch: 'amd64', os.version: '10.0', java.version: '24'
Driver info: driver.version: ChromeDriver
at org.openqa.selenium.remote.service.DriverFinder.getBinaryPaths(DriverFinder.java:121)
at org.openqa.selenium.remote.service.DriverFinder.getDriverPath(DriverFinder.java:55)
at org.openqa.selenium.chrome.ChromeDriver.generateExecutor(ChromeDriver.java:99)
at org.openqa.selenium.chrome.ChromeDriver.<init>(ChromeDriver.java:88)
at org.openqa.selenium.chrome.ChromeDriver.<init>(ChromeDriver.java:83)
at org.openqa.selenium.chrome.ChromeDriver.<init>(ChromeDriver.java:51)
at com.demo.seleniumTestNG.LoginTest.validLogin(com.demo.seleniumTestNG.LoginTest.java:10)
at java.base/java.util.ArrayList.forEach(ArrayList.java:1604)
at Main.main(Main.java:24)
Caused by: java.lang.IllegalStateException: chromedriver must exist: chromedriver.exe
at org.openqa.selenium.internal.Require$PathStateChecker.isExecutable(Require.java:475)
at org.openqa.selenium.remote.service.DriverFinder.getBinaryPaths(DriverFinder.java:118)
... 30 more
... Removed 22 stack frames]]>
    </failure>
  </testcase> <!-- validLogin -->
  <testcase classname="com.demo.seleniumTestNG.ProductsTest" name="Add2ProductsToCart" time="0.0">
    <skipped/>
  </testcase> <!-- Add2ProductsToCart -->
  <testcase classname="com.demo.seleniumTestNG.ProductsTest" name="AddToCart" time="0.0">
    <skipped/>
  </testcase> <!-- AddToCart -->
  <testcase classname="com.demo.seleniumTestNG.ProductsTest" name="chooseFromTheFilter" time="0.0">
    <skipped/>
  </testcase> <!-- chooseFromTheFilter -->
  <testcase classname="com.demo.seleniumTestNG.ProductsTest" name="remove" time="0.0">
    <skipped/>
  </testcase> <!-- remove -->
  <testcase classname="com.demo.seleniumTestNG.ProductsTest" name="testLogout" time="0.0">
    <skipped/>
  </testcase> <!-- testLogout -->
  <testcase classname="com.demo.seleniumTestNG.CartTest" name="testAddAndRemoveAllItems" time="0.0">
    <skipped/>
  </testcase> <!-- testAddAndRemoveAllItems -->
  <testcase classname="com.demo.seleniumTestNG.CartTest" name="checkContinueShoppingButton" time="0.0">
    <skipped/>
  </testcase> <!-- checkContinueShoppingButton -->
  <testcase classname="com.demo.seleniumTestNG.CartTest" name="checkCheckoutButton" time="0.0">
    <skipped/>
  </testcase> <!-- checkCheckoutButton -->
  <testcase classname="com.demo.seleniumTestNG.CartTest" name="checkItemInCart" time="0.0">
    <skipped/>
  </testcase> <!-- checkItemInCart -->
  <testcase classname="com.demo.seleniumTestNG.CartTest" name="checkRemoveItemFromCart" time="0.0">
    <skipped/>
  </testcase> <!-- checkRemoveItemFromCart -->
  <testcase classname="com.demo.seleniumTestNG.CartTest" name="cartPersistsAfterRefresh" time="0.0">
    <skipped/>
  </testcase> <!-- cartPersistsAfterRefresh -->
  <testcase classname="com.demo.seleniumTestNG.CartTest" name="cartDisplaysCorrectItemDetails" time="0.0">
    <skipped/>
  </testcase> <!-- cartDisplaysCorrectItemDetails -->
  <testcase classname="com.demo.seleniumTestNG.CartTest" name="checkEmptyCartBehavior" time="0.001">
    <skipped/>
  </testcase> <!-- checkEmptyCartBehavior -->
  <testcase classname="com.demo.seleniumTestNG.CartTest" name="checkoutDisabledWhenCartEmpty" time="0.0">
    <skipped/>
  </testcase> <!-- checkoutDisabledWhenCartEmpty -->
  <testcase classname="com.demo.seleniumTestNG.CheckoutTest" name="testCheckoutProcessErrorUser" time="0.0">
    <skipped/>
  </testcase> <!-- testCheckoutProcessErrorUser -->
  <testcase classname="com.demo.seleniumTestNG.CheckoutTest" name="testCheckoutProcessProblemUser" time="0.0">
    <skipped/>
  </testcase> <!-- testCheckoutProcessProblemUser -->
  <testcase classname="com.demo.seleniumTestNG.CheckoutTest" name="testCheckoutWithEmptyFirstName" time="0.0">
    <skipped/>
  </testcase> <!-- testCheckoutWithEmptyFirstName -->
  <testcase classname="com.demo.seleniumTestNG.CheckoutTest" name="testCheckoutWithNonNumericPostalCode" time="0.0">
    <skipped/>
  </testcase> <!-- testCheckoutWithNonNumericPostalCode -->
  <testcase classname="com.demo.seleniumTestNG.CheckoutTest" name="testCheckoutWithNumericName" time="0.0">
    <skipped/>
  </testcase> <!-- testCheckoutWithNumericName -->
  <testcase classname="com.demo.seleniumTestNG.CheckoutTest" name="testCheckoutWithZeroPostalCode" time="0.0">
    <skipped/>
  </testcase> <!-- testCheckoutWithZeroPostalCode -->
  <testcase classname="com.demo.seleniumTestNG.CheckoutTest" name="testContinueWithoutCartItems" time="0.0">
    <skipped/>
  </testcase> <!-- testContinueWithoutCartItems -->
  <testcase classname="com.demo.seleniumTestNG.CheckoutTest" name="testValidCheckout" time="0.0">
    <skipped/>
  </testcase> <!-- testValidCheckout -->
</testsuite> <!-- Command line test -->
